# JRE version: Java(TM) SE Runtime Environment 18.9 (11.0.15+8) (build 11.0.15+8-LTS-149)
# Java VM: Java HotSpot(TM) 64-Bit Server VM 18.9 (11.0.15+8-LTS-149, mixed mode, tiered, compressed oops, g1 gc, windows-amd64)
Heap:
 garbage-first heap   total 102400K, used 60896K [0x0000000742c00000, 0x0000000800000000)
  region size 1024K, 33 young (33792K), 5 survivors (5120K)
 Metaspace       used 63769K, capacity 65665K, committed 65748K, reserved 1105920K
  class space    used 8495K, capacity 9214K, committed 9272K, reserved 1048576K
GC Heap History (10 events):
Event: 10.939 GC heap before
{Heap before GC invocations=9 (full 0):
 garbage-first heap   total 233472K, used 110400K [0x0000000742c00000, 0x0000000800000000)
  region size 1024K, 100 young (102400K), 12 survivors (12288K)
 Metaspace       used 46187K, capacity 47526K, committed 47696K, reserved 1091584K
  class space    used 5922K, capacity 6459K, committed 6528K, reserved 1048576K
}
Event: 10.963 GC heap after
{Heap after GC invocations=10 (full 0):
 garbage-first heap   total 233472K, used 26045K [0x0000000742c00000, 0x0000000800000000)
  region size 1024K, 12 young (12288K), 12 survivors (12288K)
 Metaspace       used 46187K, capacity 47526K, committed 47696K, reserved 1091584K
  class space    used 5922K, capacity 6459K, committed 6528K, reserved 1048576K
}
Event: 13.384 GC heap before
{Heap before GC invocations=10 (full 0):
 garbage-first heap   total 233472K, used 126397K [0x0000000742c00000, 0x0000000800000000)
  region size 1024K, 111 young (113664K), 12 survivors (12288K)
 Metaspace       used 58586K, capacity 60118K, committed 60296K, reserved 1101824K
  class space    used 7744K, capacity 8331K, committed 8376K, reserved 1048576K
}
Event: 13.409 GC heap after
{Heap after GC invocations=11 (full 0):
 garbage-first heap   total 233472K, used 31232K [0x0000000742c00000, 0x0000000800000000)
  region size 1024K, 11 young (11264K), 11 survivors (11264K)
 Metaspace       used 58586K, capacity 60118K, committed 60296K, reserved 1101824K
  class space    used 7744K, capacity 8331K, committed 8376K, reserved 1048576K
}
Event: 332.670 GC heap before
{Heap before GC invocations=12 (full 0):
 garbage-first heap   total 233472K, used 109056K [0x0000000742c00000, 0x0000000800000000)
  region size 1024K, 88 young (90112K), 11 survivors (11264K)
 Metaspace       used 63401K, capacity 65215K, committed 65364K, reserved 1105920K
  class space    used 8452K, capacity 9143K, committed 9144K, reserved 1048576K
}
Event: 332.761 GC heap after
{Heap after GC invocations=13 (full 1):
 garbage-first heap   total 102400K, used 28297K [0x0000000742c00000, 0x0000000800000000)
  region size 1024K, 0 young (0K), 0 survivors (0K)
 Metaspace       used 63401K, capacity 65215K, committed 65364K, reserved 1105920K
  class space    used 8452K, capacity 9143K, committed 9144K, reserved 1048576K
}
Event: 334.661 GC heap before
{Heap before GC invocations=13 (full 1):
 garbage-first heap   total 102400K, used 76425K [0x0000000742c00000, 0x0000000800000000)
  region size 1024K, 47 young (48128K), 0 survivors (0K)
 Metaspace       used 63508K, capacity 65344K, committed 65492K, reserved 1105920K
  class space    used 8466K, capacity 9185K, committed 9272K, reserved 1048576K
}
Event: 334.668 GC heap after
{Heap after GC invocations=14 (full 1):
 garbage-first heap   total 102400K, used 31856K [0x0000000742c00000, 0x0000000800000000)
  region size 1024K, 4 young (4096K), 4 survivors (4096K)
 Metaspace       used 63508K, capacity 65344K, committed 65492K, reserved 1105920K
  class space    used 8466K, capacity 9185K, committed 9272K, reserved 1048576K
}
Event: 335.994 GC heap before
{Heap before GC invocations=14 (full 1):
 garbage-first heap   total 102400K, used 77936K [0x0000000742c00000, 0x0000000800000000)
  region size 1024K, 49 young (50176K), 4 survivors (4096K)
 Metaspace       used 63609K, capacity 65477K, committed 65748K, reserved 1105920K
  class space    used 8478K, capacity 9197K, committed 9272K, reserved 1048576K
}
Event: 336.003 GC heap after
{Heap after GC invocations=15 (full 1):
 garbage-first heap   total 102400K, used 33248K [0x0000000742c00000, 0x0000000800000000)
  region size 1024K, 5 young (5120K), 5 survivors (5120K)
 Metaspace       used 63609K, capacity 65477K, committed 65748K, reserved 1105920K
  class space    used 8478K, capacity 9197K, committed 9272K, reserved 1048576K
}

